<?xml version="1.0" encoding="UTF-8"?>
<coverage generated="1750425964777" clover="3.2.0">
  <project timestamp="1750425964777" name="All files">
    <metrics statements="35" coveredstatements="29" conditionals="23" coveredconditionals="19" methods="5" coveredmethods="3" elements="63" coveredelements="51" complexity="0" loc="35" ncloc="35" packages="1" files="2" classes="2"/>
    <file name="mockPaymentGateway.js" path="C:\cursor_poc\week3\task3\task3\mockPaymentGateway.js">
      <metrics statements="7" coveredstatements="1" conditionals="4" coveredconditionals="0" methods="2" coveredmethods="0"/>
      <line num="4" count="0" type="stmt"/>
      <line num="6" count="0" type="cond" truecount="0" falsecount="2"/>
      <line num="7" count="0" type="stmt"/>
      <line num="10" count="0" type="cond" truecount="0" falsecount="2"/>
      <line num="11" count="0" type="stmt"/>
      <line num="13" count="0" type="stmt"/>
      <line num="16" count="1" type="stmt"/>
    </file>
    <file name="paymentProcessor.js" path="C:\cursor_poc\week3\task3\task3\paymentProcessor.js">
      <metrics statements="28" coveredstatements="28" conditionals="19" coveredconditionals="19" methods="3" coveredmethods="3"/>
      <line num="1" count="1" type="stmt"/>
      <line num="4" count="1" type="stmt"/>
      <line num="11" count="1" type="stmt"/>
      <line num="15" count="36" type="stmt"/>
      <line num="16" count="36" type="cond" truecount="2" falsecount="0"/>
      <line num="18" count="94" type="stmt"/>
      <line num="20" count="36" type="stmt"/>
      <line num="22" count="36" type="stmt"/>
      <line num="23" count="36" type="cond" truecount="2" falsecount="0"/>
      <line num="29" count="48" type="cond" truecount="5" falsecount="0"/>
      <line num="30" count="3" type="stmt"/>
      <line num="32" count="45" type="cond" truecount="2" falsecount="0"/>
      <line num="33" count="2" type="stmt"/>
      <line num="35" count="43" type="cond" truecount="2" falsecount="0"/>
      <line num="36" count="4" type="stmt"/>
      <line num="38" count="39" type="cond" truecount="2" falsecount="0"/>
      <line num="39" count="3" type="stmt"/>
      <line num="42" count="36" type="stmt"/>
      <line num="44" count="36" type="cond" truecount="2" falsecount="0"/>
      <line num="45" count="3" type="stmt"/>
      <line num="48" count="33" type="stmt"/>
      <line num="49" count="33" type="stmt"/>
      <line num="50" count="31" type="cond" truecount="2" falsecount="0"/>
      <line num="51" count="3" type="stmt"/>
      <line num="54" count="1" type="stmt"/>
      <line num="57" count="28" type="stmt"/>
      <line num="58" count="28" type="stmt"/>
      <line num="61" count="1" type="stmt"/>
    </file>
  </project>
</coverage>
