TN:
SF:mockPaymentGateway.js
FN:2,chargeCard
FN:4,(anonymous_1)
FNF:2
FNH:0
FNDA:0,chargeCard
FNDA:0,(anonymous_1)
DA:4,0
DA:6,0
DA:7,0
DA:10,0
DA:11,0
DA:13,0
DA:16,1
LF:7
LH:1
BRDA:6,0,0,0
BRDA:6,0,1,0
BRDA:10,1,0,0
BRDA:10,1,1,0
BRF:4
BRH:0
end_of_record
TN:
SF:paymentProcessor.js
FN:14,isFraudulent
FN:18,(anonymous_1)
FN:27,processPayment
FNF:3
FNH:3
FNDA:36,isFraudulent
FNDA:94,(anonymous_1)
FNDA:48,processPayment
DA:1,1
DA:4,1
DA:11,1
DA:15,36
DA:16,36
DA:18,94
DA:20,36
DA:22,36
DA:23,36
DA:29,48
DA:30,3
DA:32,45
DA:33,2
DA:35,43
DA:36,4
DA:38,39
DA:39,3
DA:42,36
DA:44,36
DA:45,3
DA:48,33
DA:49,33
DA:50,31
DA:51,3
DA:54,1
DA:57,28
DA:58,28
DA:61,1
LF:28
LH:28
BRDA:16,0,0,36
BRDA:16,0,1,8
BRDA:23,1,0,36
BRDA:23,1,1,14
BRDA:29,2,0,3
BRDA:29,2,1,45
BRDA:29,3,0,48
BRDA:29,3,1,47
BRDA:29,3,2,46
BRDA:32,4,0,2
BRDA:32,4,1,43
BRDA:35,5,0,4
BRDA:35,5,1,39
BRDA:38,6,0,3
BRDA:38,6,1,36
BRDA:44,7,0,3
BRDA:44,7,1,33
BRDA:50,8,0,3
BRDA:50,8,1,28
BRF:19
BRH:19
end_of_record
