{"C:\\cursor_poc\\week3\\legacy\\legacy-api\\legacyServer.js": {"path":"C:\\cursor_poc\\week3\\legacy\\legacy-api\\legacyServer.js","statementMap":{"0":{"start":{"line":1,"column":13},"end":{"line":1,"column":28}},"1":{"start":{"line":2,"column":12},"end":{"line":2,"column":26}},"2":{"start":{"line":5,"column":15},"end":{"line":5,"column":17}},"3":{"start":{"line":6,"column":2},"end":{"line":8,"column":3}},"4":{"start":{"line":7,"column":4},"end":{"line":7,"column":37}},"5":{"start":{"line":9,"column":2},"end":{"line":13,"column":3}},"6":{"start":{"line":10,"column":4},"end":{"line":10,"column":39}},"7":{"start":{"line":11,"column":9},"end":{"line":13,"column":3}},"8":{"start":{"line":12,"column":4},"end":{"line":12,"column":38}},"9":{"start":{"line":14,"column":2},"end":{"line":16,"column":3}},"10":{"start":{"line":15,"column":4},"end":{"line":15,"column":40}},"11":{"start":{"line":17,"column":2},"end":{"line":17,"column":16}},"12":{"start":{"line":21,"column":2},"end":{"line":21,"column":64}},"13":{"start":{"line":22,"column":2},"end":{"line":22,"column":31}},"14":{"start":{"line":25,"column":13},"end":{"line":48,"column":2}},"15":{"start":{"line":26,"column":18},"end":{"line":26,"column":42}},"16":{"start":{"line":27,"column":2},"end":{"line":47,"column":3}},"17":{"start":{"line":28,"column":15},"end":{"line":28,"column":17}},"18":{"start":{"line":29,"column":4},"end":{"line":31,"column":7}},"19":{"start":{"line":30,"column":6},"end":{"line":30,"column":20}},"20":{"start":{"line":32,"column":4},"end":{"line":44,"column":7}},"21":{"start":{"line":34,"column":6},"end":{"line":38,"column":7}},"22":{"start":{"line":35,"column":8},"end":{"line":35,"column":32}},"23":{"start":{"line":37,"column":8},"end":{"line":37,"column":61}},"24":{"start":{"line":39,"column":19},"end":{"line":39,"column":37}},"25":{"start":{"line":40,"column":6},"end":{"line":42,"column":7}},"26":{"start":{"line":41,"column":8},"end":{"line":41,"column":54}},"27":{"start":{"line":43,"column":6},"end":{"line":43,"column":82}},"28":{"start":{"line":46,"column":4},"end":{"line":46,"column":47}},"29":{"start":{"line":50,"column":0},"end":{"line":54,"column":1}},"30":{"start":{"line":51,"column":2},"end":{"line":53,"column":5}},"31":{"start":{"line":52,"column":4},"end":{"line":52,"column":67}},"32":{"start":{"line":56,"column":0},"end":{"line":56,"column":24}}},"fnMap":{"0":{"name":"validateForm","decl":{"start":{"line":4,"column":9},"end":{"line":4,"column":21}},"loc":{"start":{"line":4,"column":28},"end":{"line":18,"column":1}},"line":4},"1":{"name":"sendJson","decl":{"start":{"line":20,"column":9},"end":{"line":20,"column":17}},"loc":{"start":{"line":20,"column":36},"end":{"line":23,"column":1}},"line":20},"2":{"name":"(anonymous_2)","decl":{"start":{"line":25,"column":31},"end":{"line":25,"column":32}},"loc":{"start":{"line":25,"column":50},"end":{"line":48,"column":1}},"line":25},"3":{"name":"(anonymous_3)","decl":{"start":{"line":29,"column":19},"end":{"line":29,"column":20}},"loc":{"start":{"line":29,"column":35},"end":{"line":31,"column":5}},"line":29},"4":{"name":"(anonymous_4)","decl":{"start":{"line":32,"column":18},"end":{"line":32,"column":19}},"loc":{"start":{"line":32,"column":29},"end":{"line":44,"column":5}},"line":32},"5":{"name":"(anonymous_5)","decl":{"start":{"line":51,"column":22},"end":{"line":51,"column":23}},"loc":{"start":{"line":51,"column":33},"end":{"line":53,"column":3}},"line":51}},"branchMap":{"0":{"loc":{"start":{"line":6,"column":2},"end":{"line":8,"column":3}},"type":"if","locations":[{"start":{"line":6,"column":2},"end":{"line":8,"column":3}},{"start":{},"end":{}}],"line":6},"1":{"loc":{"start":{"line":6,"column":6},"end":{"line":6,"column":37}},"type":"binary-expr","locations":[{"start":{"line":6,"column":6},"end":{"line":6,"column":16}},{"start":{"line":6,"column":20},"end":{"line":6,"column":37}}],"line":6},"2":{"loc":{"start":{"line":9,"column":2},"end":{"line":13,"column":3}},"type":"if","locations":[{"start":{"line":9,"column":2},"end":{"line":13,"column":3}},{"start":{"line":11,"column":9},"end":{"line":13,"column":3}}],"line":9},"3":{"loc":{"start":{"line":9,"column":6},"end":{"line":9,"column":39}},"type":"binary-expr","locations":[{"start":{"line":9,"column":6},"end":{"line":9,"column":17}},{"start":{"line":9,"column":21},"end":{"line":9,"column":39}}],"line":9},"4":{"loc":{"start":{"line":11,"column":9},"end":{"line":13,"column":3}},"type":"if","locations":[{"start":{"line":11,"column":9},"end":{"line":13,"column":3}},{"start":{},"end":{}}],"line":11},"5":{"loc":{"start":{"line":14,"column":2},"end":{"line":16,"column":3}},"type":"if","locations":[{"start":{"line":14,"column":2},"end":{"line":16,"column":3}},{"start":{},"end":{}}],"line":14},"6":{"loc":{"start":{"line":14,"column":6},"end":{"line":14,"column":41}},"type":"binary-expr","locations":[{"start":{"line":14,"column":6},"end":{"line":14,"column":14}},{"start":{"line":14,"column":18},"end":{"line":14,"column":41}}],"line":14},"7":{"loc":{"start":{"line":27,"column":2},"end":{"line":47,"column":3}},"type":"if","locations":[{"start":{"line":27,"column":2},"end":{"line":47,"column":3}},{"start":{"line":45,"column":9},"end":{"line":47,"column":3}}],"line":27},"8":{"loc":{"start":{"line":27,"column":6},"end":{"line":27,"column":68}},"type":"binary-expr","locations":[{"start":{"line":27,"column":6},"end":{"line":27,"column":27}},{"start":{"line":27,"column":31},"end":{"line":27,"column":68}}],"line":27},"9":{"loc":{"start":{"line":40,"column":6},"end":{"line":42,"column":7}},"type":"if","locations":[{"start":{"line":40,"column":6},"end":{"line":42,"column":7}},{"start":{},"end":{}}],"line":40},"10":{"loc":{"start":{"line":50,"column":0},"end":{"line":54,"column":1}},"type":"if","locations":[{"start":{"line":50,"column":0},"end":{"line":54,"column":1}},{"start":{},"end":{}}],"line":50}},"s":{"0":1,"1":1,"2":5,"3":5,"4":1,"5":5,"6":1,"7":4,"8":1,"9":5,"10":1,"11":5,"12":6,"13":6,"14":1,"15":6,"16":6,"17":5,"18":5,"19":5,"20":5,"21":5,"22":5,"23":0,"24":5,"25":5,"26":3,"27":2,"28":1,"29":1,"30":0,"31":0,"32":1},"f":{"0":5,"1":6,"2":6,"3":5,"4":5,"5":0},"b":{"0":[1,4],"1":[5,4],"2":[1,4],"3":[5,4],"4":[1,3],"5":[1,4],"6":[5,2],"7":[5,1],"8":[6,6],"9":[3,2],"10":[0,1]},"_coverageSchema":"1a1c01bbd47fc00a2c39e90264f33305004495a9","hash":"a6909384832903884f7dba86b89d61ac2953a8de"}
}
