TN:
SF:legacyServer.js
FN:4,validateForm
FN:20,sendJson
FN:25,(anonymous_2)
FN:29,(anonymous_3)
FN:32,(anonymous_4)
FN:51,(anonymous_5)
FNF:6
FNH:5
FNDA:5,validateForm
FNDA:6,sendJson
FNDA:6,(anonymous_2)
FNDA:5,(anonymous_3)
FNDA:5,(anonymous_4)
FNDA:0,(anonymous_5)
DA:1,1
DA:2,1
DA:5,5
DA:6,5
DA:7,1
DA:9,5
DA:10,1
DA:11,4
DA:12,1
DA:14,5
DA:15,1
DA:17,5
DA:21,6
DA:22,6
DA:25,1
DA:26,6
DA:27,6
DA:28,5
DA:29,5
DA:30,5
DA:32,5
DA:34,5
DA:35,5
DA:37,0
DA:39,5
DA:40,5
DA:41,3
DA:43,2
DA:46,1
DA:50,1
DA:51,0
DA:52,0
DA:56,1
LF:33
LH:30
BRDA:6,0,0,1
BRDA:6,0,1,4
BRDA:6,1,0,5
BRDA:6,1,1,4
BRDA:9,2,0,1
BRDA:9,2,1,4
BRDA:9,3,0,5
BRDA:9,3,1,4
BRDA:11,4,0,1
BRDA:11,4,1,3
BRDA:14,5,0,1
BRDA:14,5,1,4
BRDA:14,6,0,5
BRDA:14,6,1,2
BRDA:27,7,0,5
BRDA:27,7,1,1
BRDA:27,8,0,6
BRDA:27,8,1,6
BRDA:40,9,0,3
BRDA:40,9,1,2
BRDA:50,10,0,0
BRDA:50,10,1,1
BRF:22
BRH:21
end_of_record
