<?xml version="1.0" encoding="UTF-8"?>
<coverage generated="1750418043772" clover="3.2.0">
  <project timestamp="1750418043772" name="All files">
    <metrics statements="41" coveredstatements="39" conditionals="26" coveredconditionals="22" methods="8" coveredmethods="7" elements="75" coveredelements="68" complexity="0" loc="41" ncloc="41" packages="1" files="1" classes="1"/>
    <file name="Profile.tsx" path="C:\cursor_poc\week3\task1\user-profile-app\src\Profile.tsx">
      <metrics statements="41" coveredstatements="39" conditionals="26" coveredconditionals="22" methods="8" coveredmethods="7"/>
      <line num="1" count="1" type="stmt"/>
      <line num="3" count="1" type="stmt"/>
      <line num="10" count="1" type="stmt"/>
      <line num="26" count="1" type="stmt"/>
      <line num="42" count="1" type="stmt"/>
      <line num="54" count="1" type="stmt"/>
      <line num="63" count="1" type="stmt"/>
      <line num="73" count="1" type="stmt"/>
      <line num="81" count="1" type="stmt"/>
      <line num="92" count="1" type="stmt"/>
      <line num="97" count="1" type="stmt"/>
      <line num="103" count="1" type="stmt"/>
      <line num="104" count="49" type="stmt"/>
      <line num="105" count="49" type="stmt"/>
      <line num="106" count="49" type="stmt"/>
      <line num="107" count="49" type="stmt"/>
      <line num="109" count="49" type="stmt"/>
      <line num="110" count="12" type="stmt"/>
      <line num="111" count="12" type="stmt"/>
      <line num="114" count="49" type="stmt"/>
      <line num="115" count="13" type="stmt"/>
      <line num="118" count="49" type="stmt"/>
      <line num="119" count="5" type="stmt"/>
      <line num="120" count="5" type="stmt"/>
      <line num="123" count="49" type="stmt"/>
      <line num="124" count="2" type="stmt"/>
      <line num="125" count="2" type="stmt"/>
      <line num="128" count="49" type="stmt"/>
      <line num="129" count="0" type="cond" truecount="0" falsecount="4"/>
      <line num="130" count="0" type="stmt"/>
      <line num="134" count="49" type="stmt"/>
      <line num="135" count="4" type="cond" truecount="2" falsecount="0"/>
      <line num="136" count="4" type="cond" truecount="2" falsecount="0"/>
      <line num="137" count="3" type="stmt"/>
      <line num="138" count="3" type="stmt"/>
      <line num="139" count="3" type="stmt"/>
      <line num="141" count="3" type="stmt"/>
      <line num="145" count="49" type="cond" truecount="2" falsecount="0"/>
      <line num="146" count="49" type="cond" truecount="2" falsecount="0"/>
      <line num="148" count="49" type="stmt"/>
      <line num="218" count="1" type="stmt"/>
    </file>
  </project>
</coverage>
