{"C:\\cursor_poc\\week3\\task1\\user-profile-app\\src\\Profile.tsx": {"path":"C:\\cursor_poc\\week3\\task1\\user-profile-app\\src\\Profile.tsx","statementMap":{"0":{"start":{"line":1,"column":0},"end":{"line":1,"column":48}},"1":{"start":{"line":3,"column":23},"end":{"line":8,"column":2}},"2":{"start":{"line":10,"column":41},"end":{"line":24,"column":2}},"3":{"start":{"line":26,"column":45},"end":{"line":40,"column":2}},"4":{"start":{"line":42,"column":39},"end":{"line":52,"column":2}},"5":{"start":{"line":54,"column":40},"end":{"line":61,"column":2}},"6":{"start":{"line":63,"column":40},"end":{"line":71,"column":2}},"7":{"start":{"line":73,"column":44},"end":{"line":79,"column":2}},"8":{"start":{"line":81,"column":41},"end":{"line":90,"column":2}},"9":{"start":{"line":92,"column":45},"end":{"line":95,"column":2}},"10":{"start":{"line":97,"column":40},"end":{"line":101,"column":2}},"11":{"start":{"line":103,"column":26},"end":{"line":216,"column":1}},"12":{"start":{"line":104,"column":32},"end":{"line":104,"column":56}},"13":{"start":{"line":105,"column":34},"end":{"line":105,"column":49}},"14":{"start":{"line":106,"column":26},"end":{"line":106,"column":43}},"15":{"start":{"line":107,"column":23},"end":{"line":107,"column":53}},"16":{"start":{"line":109,"column":21},"end":{"line":112,"column":3}},"17":{"start":{"line":110,"column":4},"end":{"line":110,"column":22}},"18":{"start":{"line":111,"column":4},"end":{"line":111,"column":21}},"19":{"start":{"line":114,"column":23},"end":{"line":116,"column":3}},"20":{"start":{"line":115,"column":4},"end":{"line":115,"column":58}},"21":{"start":{"line":118,"column":23},"end":{"line":121,"column":3}},"22":{"start":{"line":119,"column":4},"end":{"line":119,"column":21}},"23":{"start":{"line":120,"column":4},"end":{"line":120,"column":23}},"24":{"start":{"line":123,"column":23},"end":{"line":126,"column":3}},"25":{"start":{"line":124,"column":4},"end":{"line":124,"column":23}},"26":{"start":{"line":125,"column":4},"end":{"line":125,"column":21}},"27":{"start":{"line":128,"column":28},"end":{"line":132,"column":3}},"28":{"start":{"line":129,"column":4},"end":{"line":131,"column":5}},"29":{"start":{"line":130,"column":6},"end":{"line":130,"column":35}},"30":{"start":{"line":134,"column":27},"end":{"line":143,"column":3}},"31":{"start":{"line":135,"column":17},"end":{"line":135,"column":52}},"32":{"start":{"line":136,"column":4},"end":{"line":142,"column":5}},"33":{"start":{"line":137,"column":21},"end":{"line":137,"column":37}},"34":{"start":{"line":138,"column":6},"end":{"line":140,"column":8}},"35":{"start":{"line":139,"column":8},"end":{"line":139,"column":66}},"36":{"start":{"line":141,"column":6},"end":{"line":141,"column":33}},"37":{"start":{"line":145,"column":23},"end":{"line":145,"column":62}},"38":{"start":{"line":146,"column":21},"end":{"line":146,"column":56}},"39":{"start":{"line":148,"column":2},"end":{"line":215,"column":4}},"40":{"start":{"line":218,"column":0},"end":{"line":218,"column":23}}},"fnMap":{"0":{"name":"(anonymous_0)","decl":{"start":{"line":103,"column":26},"end":{"line":103,"column":29}},"loc":{"start":{"line":103,"column":31},"end":{"line":216,"column":1}}},"1":{"name":"(anonymous_1)","decl":{"start":{"line":109,"column":21},"end":{"line":109,"column":24}},"loc":{"start":{"line":109,"column":26},"end":{"line":112,"column":3}}},"2":{"name":"(anonymous_2)","decl":{"start":{"line":114,"column":23},"end":{"line":114,"column":24}},"loc":{"start":{"line":114,"column":66},"end":{"line":116,"column":3}}},"3":{"name":"(anonymous_3)","decl":{"start":{"line":118,"column":23},"end":{"line":118,"column":26}},"loc":{"start":{"line":118,"column":28},"end":{"line":121,"column":3}}},"4":{"name":"(anonymous_4)","decl":{"start":{"line":123,"column":23},"end":{"line":123,"column":26}},"loc":{"start":{"line":123,"column":28},"end":{"line":126,"column":3}}},"5":{"name":"(anonymous_5)","decl":{"start":{"line":128,"column":28},"end":{"line":128,"column":31}},"loc":{"start":{"line":128,"column":33},"end":{"line":132,"column":3}}},"6":{"name":"(anonymous_6)","decl":{"start":{"line":134,"column":27},"end":{"line":134,"column":28}},"loc":{"start":{"line":134,"column":70},"end":{"line":143,"column":3}}},"7":{"name":"(anonymous_7)","decl":{"start":{"line":138,"column":22},"end":{"line":138,"column":23}},"loc":{"start":{"line":138,"column":29},"end":{"line":140,"column":7}}}},"branchMap":{"0":{"loc":{"start":{"line":129,"column":4},"end":{"line":131,"column":5}},"type":"if","locations":[{"start":{"line":129,"column":4},"end":{"line":131,"column":5}},{"start":{},"end":{}}]},"1":{"loc":{"start":{"line":129,"column":8},"end":{"line":129,"column":40}},"type":"binary-expr","locations":[{"start":{"line":129,"column":8},"end":{"line":129,"column":16}},{"start":{"line":129,"column":20},"end":{"line":129,"column":40}}]},"2":{"loc":{"start":{"line":135,"column":17},"end":{"line":135,"column":52}},"type":"binary-expr","locations":[{"start":{"line":135,"column":17},"end":{"line":135,"column":31}},{"start":{"line":135,"column":35},"end":{"line":135,"column":52}}]},"3":{"loc":{"start":{"line":136,"column":4},"end":{"line":142,"column":5}},"type":"if","locations":[{"start":{"line":136,"column":4},"end":{"line":142,"column":5}},{"start":{},"end":{}}]},"4":{"loc":{"start":{"line":145,"column":23},"end":{"line":145,"column":62}},"type":"cond-expr","locations":[{"start":{"line":145,"column":34},"end":{"line":145,"column":45}},{"start":{"line":145,"column":48},"end":{"line":145,"column":62}}]},"5":{"loc":{"start":{"line":146,"column":21},"end":{"line":146,"column":56}},"type":"cond-expr","locations":[{"start":{"line":146,"column":32},"end":{"line":146,"column":41}},{"start":{"line":146,"column":44},"end":{"line":146,"column":56}}]},"6":{"loc":{"start":{"line":151,"column":50},"end":{"line":151,"column":90}},"type":"cond-expr","locations":[{"start":{"line":151,"column":65},"end":{"line":151,"column":78}},{"start":{"line":151,"column":81},"end":{"line":151,"column":90}}]},"7":{"loc":{"start":{"line":152,"column":11},"end":{"line":155,"column":null}},"type":"cond-expr","locations":[{"start":{"line":153,"column":12},"end":{"line":153,"column":186}},{"start":{"line":155,"column":12},"end":{"line":155,"column":61}}]},"8":{"loc":{"start":{"line":157,"column":11},"end":{"line":161,"column":null}},"type":"binary-expr","locations":[{"start":{"line":157,"column":11},"end":{"line":157,"column":19}},{"start":{"line":158,"column":12},"end":{"line":160,"column":null}}]},"9":{"loc":{"start":{"line":167,"column":9},"end":{"line":175,"column":null}},"type":"cond-expr","locations":[{"start":{"line":168,"column":10},"end":{"line":172,"column":null}},{"start":{"line":175,"column":10},"end":{"line":175,"column":80}}]},"10":{"loc":{"start":{"line":180,"column":9},"end":{"line":188,"column":null}},"type":"cond-expr","locations":[{"start":{"line":181,"column":10},"end":{"line":185,"column":null}},{"start":{"line":188,"column":10},"end":{"line":188,"column":55}}]},"11":{"loc":{"start":{"line":193,"column":9},"end":{"line":201,"column":null}},"type":"cond-expr","locations":[{"start":{"line":194,"column":10},"end":{"line":198,"column":null}},{"start":{"line":201,"column":10},"end":{"line":201,"column":81}}]},"12":{"loc":{"start":{"line":205,"column":9},"end":{"line":211,"column":null}},"type":"cond-expr","locations":[{"start":{"line":206,"column":10},"end":{"line":206,"column":99}},{"start":{"line":208,"column":10},"end":{"line":210,"column":null}}]}},"s":{"0":1,"1":1,"2":1,"3":1,"4":1,"5":1,"6":1,"7":1,"8":1,"9":1,"10":1,"11":1,"12":49,"13":49,"14":49,"15":49,"16":49,"17":12,"18":12,"19":49,"20":13,"21":49,"22":5,"23":5,"24":49,"25":2,"26":2,"27":49,"28":0,"29":0,"30":49,"31":4,"32":4,"33":3,"34":3,"35":3,"36":3,"37":49,"38":49,"39":49,"40":1},"f":{"0":49,"1":12,"2":13,"3":5,"4":2,"5":0,"6":4,"7":3},"b":{"0":[0,0],"1":[0,0],"2":[4,4],"3":[3,1],"4":[27,22],"5":[27,22],"6":[2,47],"7":[2,47],"8":[49,27],"9":[27,22],"10":[27,22],"11":[27,22],"12":[22,27]}}
}
