TN:
SF:src\Profile.tsx
FN:103,(anonymous_0)
FN:109,(anonymous_1)
FN:114,(anonymous_2)
FN:118,(anonymous_3)
FN:123,(anonymous_4)
FN:128,(anonymous_5)
FN:134,(anonymous_6)
FN:138,(anonymous_7)
FNF:8
FNH:7
FNDA:49,(anonymous_0)
FNDA:12,(anonymous_1)
FNDA:13,(anonymous_2)
FNDA:5,(anonymous_3)
FNDA:2,(anonymous_4)
FNDA:0,(anonymous_5)
FNDA:4,(anonymous_6)
FNDA:3,(anonymous_7)
DA:1,1
DA:3,1
DA:10,1
DA:26,1
DA:42,1
DA:54,1
DA:63,1
DA:73,1
DA:81,1
DA:92,1
DA:97,1
DA:103,1
DA:104,49
DA:105,49
DA:106,49
DA:107,49
DA:109,49
DA:110,12
DA:111,12
DA:114,49
DA:115,13
DA:118,49
DA:119,5
DA:120,5
DA:123,49
DA:124,2
DA:125,2
DA:128,49
DA:129,0
DA:130,0
DA:134,49
DA:135,4
DA:136,4
DA:137,3
DA:138,3
DA:139,3
DA:141,3
DA:145,49
DA:146,49
DA:148,49
DA:218,1
LF:41
LH:39
BRDA:129,0,0,0
BRDA:129,0,1,0
BRDA:129,1,0,0
BRDA:129,1,1,0
BRDA:135,2,0,4
BRDA:135,2,1,4
BRDA:136,3,0,3
BRDA:136,3,1,1
BRDA:145,4,0,27
BRDA:145,4,1,22
BRDA:146,5,0,27
BRDA:146,5,1,22
BRDA:151,6,0,2
BRDA:151,6,1,47
BRDA:152,7,0,2
BRDA:152,7,1,47
BRDA:157,8,0,49
BRDA:157,8,1,27
BRDA:167,9,0,27
BRDA:167,9,1,22
BRDA:180,10,0,27
BRDA:180,10,1,22
BRDA:193,11,0,27
BRDA:193,11,1,22
BRDA:205,12,0,22
BRDA:205,12,1,27
BRF:26
BRH:22
end_of_record
